Using pre-set license
Built from '2020.2/staging' branch; Version is '2020.2.7f1 (c53830e277f1) revision 12924976'; Using compiler version '192528614'; Build Type 'Release'
OS: 'Windows 10 Pro; OS build 22000.1098; Version 2009; 64bit' Language: 'en' Physical Memory: 15591 MB
BatchMode: 1, IsHumanControllingUs: 0, StartBugReporterOnCrash: 0, Is64bit: 1, IsPro: 0

 COMMAND LINE ARGUMENTS:
C:\Program Files\Unity\Hub\Editor\2020.3.1f1\Editor\Unity.exe
-adb2
-batchMode
-noUpm
-name
AssetImportWorker0
-projectPath
C:/Users/maxim/Desktop/ProceduralWorldGeneration
-logFile
Logs/AssetImportWorker0.log
-srvPort
62872
Successfully changed project path to: C:/Users/maxim/Desktop/ProceduralWorldGeneration
C:/Users/maxim/Desktop/ProceduralWorldGeneration
Using Asset Import Pipeline V2.
Refreshing native plugins compatible for Editor in 144.15 ms, found 1 plugins.
Preloading 0 native plugins for Editor in 0.00 ms.
Initialize engine version: 2020.2.7f1 (c53830e277f1)
[Subsystems] Discovering subsystems at path C:/Program Files/Unity/Hub/Editor/2020.3.1f1/Editor/Data/Resources/UnitySubsystems
[Subsystems] Discovering subsystems at path C:/Users/maxim/Desktop/ProceduralWorldGeneration/Assets
GfxDevice: creating device client; threaded=0
Direct3D:
    Version:  Direct3D 11.0 [level 11.1]
    Renderer: AMD Radeon(TM) Graphics (ID=0x1636)
    Vendor:   
    VRAM:     7795 MB
    Driver:   30.0.13040.4003
Initialize mono
Mono path[0] = 'C:/Program Files/Unity/Hub/Editor/2020.3.1f1/Editor/Data/Managed'
Mono path[1] = 'C:/Program Files/Unity/Hub/Editor/2020.3.1f1/Editor/Data/MonoBleedingEdge/lib/mono/unityjit'
Mono config path = 'C:/Program Files/Unity/Hub/Editor/2020.3.1f1/Editor/Data/MonoBleedingEdge/etc'
Using monoOptions --debugger-agent=transport=dt_socket,embedding=1,server=y,suspend=n,address=127.0.0.1:56688
Begin MonoManager ReloadAssembly
Registering precompiled unity dll's ...
Register platform support module: C:/Program Files/Unity/Hub/Editor/2020.3.1f1/Editor/Data/PlaybackEngines/WindowsStandaloneSupport/UnityEditor.WindowsStandalone.Extensions.dll
Registered in 0.001303 seconds.
Native extension for WindowsStandalone target not found
Refreshing native plugins compatible for Editor in 40.31 ms, found 1 plugins.
Preloading 0 native plugins for Editor in 0.00 ms.
Invoked RoslynAnalysisRunner static constructor.
RoslynAnalysisRunner will not be running.
RoslynAnalysisRunner has terminated.
Mono: successfully reloaded assembly
- Completed reload, in  1.801 seconds
Platform modules already initialized, skipping
Registering precompiled user dll's ...
Registered in 0.001040 seconds.
Begin MonoManager ReloadAssembly
Native extension for WindowsStandalone target not found
Refreshing native plugins compatible for Editor in 39.25 ms, found 1 plugins.
Preloading 0 native plugins for Editor in 0.00 ms.
Invoked RoslynAnalysisRunner static constructor.
RoslynAnalysisRunner will not be running.
RoslynAnalysisRunner has terminated.
Mono: successfully reloaded assembly
- Completed reload, in  0.967 seconds
Platform modules already initialized, skipping
========================================================================
Worker process is ready to serve import requests
Launched and connected shader compiler UnityShaderCompiler.exe after 0.05 seconds
Refreshing native plugins compatible for Editor in 0.45 ms, found 1 plugins.
Preloading 0 native plugins for Editor in 0.00 ms.
Unloading 2020 Unused Serialized files (Serialized files now loaded: 0)
System memory in use before: 93.4 MB.
System memory in use after: 93.4 MB.

Unloading 25 unused Assets to reduce memory usage. Loaded Objects now: 2463.
Total: 3.903800 ms (FindLiveObjects: 0.277400 ms CreateObjectMapping: 0.062300 ms MarkObjects: 3.382600 ms  DeleteObjects: 0.179300 ms)

========================================================================
Received Import Request.
  path: Assets/Scripts/Systems/InventorySystem/Hotbar.cs
  artifactKey: Guid(eb5976d3c03cb1c44b873351fd284143) Importer(815301076,1909f56bfc062723c751e8b465ee728b)
Start importing Assets/Scripts/Systems/InventorySystem/Hotbar.cs using Guid(eb5976d3c03cb1c44b873351fd284143) Importer(815301076,1909f56bfc062723c751e8b465ee728b)  -> (artifact id: 'db47449c62495e12ec6b0a0781ebd1f5') in 0.034053 seconds
  Import took 0.037329 seconds .

========================================================================
Received Prepare
Registering precompiled user dll's ...
Registered in 0.001197 seconds.
Begin MonoManager ReloadAssembly
Native extension for WindowsStandalone target not found
Refreshing native plugins compatible for Editor in 0.52 ms, found 1 plugins.
Preloading 0 native plugins for Editor in 0.00 ms.
Invoked RoslynAnalysisRunner static constructor.
RoslynAnalysisRunner will not be running.
RoslynAnalysisRunner has terminated.
Mono: successfully reloaded assembly
- Completed reload, in  1.301 seconds
Platform modules already initialized, skipping
Refreshing native plugins compatible for Editor in 0.55 ms, found 1 plugins.
Preloading 0 native plugins for Editor in 0.00 ms.
Unloading 2000 Unused Serialized files (Serialized files now loaded: 0)
System memory in use before: 92.2 MB.
System memory in use after: 92.2 MB.

Unloading 13 unused Assets to reduce memory usage. Loaded Objects now: 2467.
Total: 4.234900 ms (FindLiveObjects: 0.905300 ms CreateObjectMapping: 0.319600 ms MarkObjects: 2.860100 ms  DeleteObjects: 0.147200 ms)

========================================================================
Received Import Request.
  Time since last request: 434.660449 seconds.
  path: Assets/Scripts/Systems/Items/ItemDB.cs
  artifactKey: Guid(862e8ae5c9a6d8d47a7e7402e0cf79c7) Importer(815301076,1909f56bfc062723c751e8b465ee728b)
Start importing Assets/Scripts/Systems/Items/ItemDB.cs using Guid(862e8ae5c9a6d8d47a7e7402e0cf79c7) Importer(815301076,1909f56bfc062723c751e8b465ee728b)  -> (artifact id: 'db7a482bd19b22bce5cd6fccb4dbdd55') in 0.066833 seconds
  Import took 0.077743 seconds .

========================================================================
Received Prepare
Registering precompiled user dll's ...
Registered in 0.001182 seconds.
Begin MonoManager ReloadAssembly
Native extension for WindowsStandalone target not found
Refreshing native plugins compatible for Editor in 0.45 ms, found 1 plugins.
Preloading 0 native plugins for Editor in 0.00 ms.
Invoked RoslynAnalysisRunner static constructor.
RoslynAnalysisRunner will not be running.
RoslynAnalysisRunner has terminated.
Mono: successfully reloaded assembly
- Completed reload, in  1.619 seconds
Platform modules already initialized, skipping
Refreshing native plugins compatible for Editor in 0.43 ms, found 1 plugins.
Preloading 0 native plugins for Editor in 0.00 ms.
Unloading 2001 Unused Serialized files (Serialized files now loaded: 0)
System memory in use before: 92.3 MB.
System memory in use after: 92.3 MB.

Unloading 13 unused Assets to reduce memory usage. Loaded Objects now: 2472.
Total: 2.838000 ms (FindLiveObjects: 0.360200 ms CreateObjectMapping: 0.139800 ms MarkObjects: 2.211700 ms  DeleteObjects: 0.123800 ms)

========================================================================
Received Prepare
Registering precompiled user dll's ...
Registered in 0.044881 seconds.
Begin MonoManager ReloadAssembly
Native extension for WindowsStandalone target not found
Refreshing native plugins compatible for Editor in 0.47 ms, found 1 plugins.
Preloading 0 native plugins for Editor in 0.00 ms.
Invoked RoslynAnalysisRunner static constructor.
RoslynAnalysisRunner will not be running.
RoslynAnalysisRunner has terminated.
Mono: successfully reloaded assembly
- Completed reload, in  0.959 seconds
Platform modules already initialized, skipping
Refreshing native plugins compatible for Editor in 0.43 ms, found 1 plugins.
Preloading 0 native plugins for Editor in 0.00 ms.
Unloading 2001 Unused Serialized files (Serialized files now loaded: 0)
System memory in use before: 92.3 MB.
System memory in use after: 92.3 MB.

Unloading 13 unused Assets to reduce memory usage. Loaded Objects now: 2476.
Total: 3.226400 ms (FindLiveObjects: 0.622600 ms CreateObjectMapping: 0.070500 ms MarkObjects: 2.316800 ms  DeleteObjects: 0.212900 ms)

========================================================================
Received Import Request.
  Time since last request: 1126.977327 seconds.
  path: Assets/Scripts/Systems/Items/ItemDB.cs
  artifactKey: Guid(862e8ae5c9a6d8d47a7e7402e0cf79c7) Importer(815301076,1909f56bfc062723c751e8b465ee728b)
Start importing Assets/Scripts/Systems/Items/ItemDB.cs using Guid(862e8ae5c9a6d8d47a7e7402e0cf79c7) Importer(815301076,1909f56bfc062723c751e8b465ee728b)  -> (artifact id: '4ce0979213439bd6941f312efd104363') in 0.011913 seconds
  Import took 0.035535 seconds .

========================================================================
Received Prepare
Registering precompiled user dll's ...
Registered in 0.001289 seconds.
Begin MonoManager ReloadAssembly
Native extension for WindowsStandalone target not found
Refreshing native plugins compatible for Editor in 0.54 ms, found 1 plugins.
Preloading 0 native plugins for Editor in 0.00 ms.
Invoked RoslynAnalysisRunner static constructor.
RoslynAnalysisRunner will not be running.
RoslynAnalysisRunner has terminated.
Mono: successfully reloaded assembly
- Completed reload, in  1.276 seconds
Platform modules already initialized, skipping
Refreshing native plugins compatible for Editor in 0.56 ms, found 1 plugins.
Preloading 0 native plugins for Editor in 0.00 ms.
Unloading 2001 Unused Serialized files (Serialized files now loaded: 0)
System memory in use before: 92.3 MB.
System memory in use after: 92.3 MB.

Unloading 13 unused Assets to reduce memory usage. Loaded Objects now: 2480.
Total: 4.151500 ms (FindLiveObjects: 0.603000 ms CreateObjectMapping: 0.166800 ms MarkObjects: 3.213200 ms  DeleteObjects: 0.165900 ms)

========================================================================
Received Import Request.
  Time since last request: 988.624498 seconds.
  path: Assets/Scripts/Systems/Items/ItemDB.cs
  artifactKey: Guid(862e8ae5c9a6d8d47a7e7402e0cf79c7) Importer(815301076,1909f56bfc062723c751e8b465ee728b)
Start importing Assets/Scripts/Systems/Items/ItemDB.cs using Guid(862e8ae5c9a6d8d47a7e7402e0cf79c7) Importer(815301076,1909f56bfc062723c751e8b465ee728b)  -> (artifact id: 'c5337b3c7e649512af1a05ab7a9302a2') in 0.008137 seconds
  Import took 0.033099 seconds .

AssetImportWorkerClient::OnTransportError - code=2 error=End of file
